Build started 10/6/2014 4:27:57 PM.
     1>Project "C:\Users\Patrick\documents\visual studio 2010\Projects\RetailBoss_Alpha_v0.01\RetailBoss_Alpha_v0.01\RetailBoss_Alpha_v0.01.vcxproj" on node 2 (build target(s)).
     1>PrepareForBuild:
         Creating directory "C:\Users\Patrick\documents\visual studio 2010\Projects\RetailBoss_Alpha_v0.01\Debug\".
       InitializeBuildStatus:
         Creating "Debug\RetailBoss_Alpha_v0.01.unsuccessfulbuild" because "AlwaysCreate" was specified.
       ClCompile:
         C:\Program Files (x86)\Microsoft Visual Studio 10.0\VC\bin\CL.exe /c /ZI /nologo /W3 /WX- /Od /Oy- /D _MBCS /Gm /EHsc /RTC1 /MDd /GS /fp:precise /Zc:wchar_t /Zc:forScope /Fo"Debug\\" /Fd"Debug\vc100.pdb" /Gd /TP /analyze- /errorReport:prompt numberClick.cpp NOTUSED_showNumberTest.cpp NOTUSED_lesson9_mouse.cpp NOTUSED_lesson8_keypress.cpp NOTUSED_lesson6_spritesheet.cpp NOTUSED_lesson7_text.cpp NOTUSED_lesson4.cpp NOTUSED_lesson5.cpp NOTUSED_lesson2.cpp NOTUSED_lesson3.cpp NOTUSED_lesson1.cpp
         NOTUSED_lesson1.cpp
         NOTUSED_lesson3.cpp
         NOTUSED_lesson2.cpp
         NOTUSED_lesson5.cpp
         NOTUSED_lesson4.cpp
         NOTUSED_lesson7_text.cpp
         NOTUSED_lesson6_spritesheet.cpp
         NOTUSED_lesson8_keypress.cpp
         NOTUSED_lesson9_mouse.cpp
         NOTUSED_showNumberTest.cpp
         numberClick.cpp
     1>c:\users\patrick\documents\visual studio 2010\projects\retailboss_alpha_v0.01\retailboss_alpha_v0.01\numberclick.cpp(7): fatal error C1083: Cannot open include file: 'SDL.h': No such file or directory
         Generating Code...
     1>Done Building Project "C:\Users\Patrick\documents\visual studio 2010\Projects\RetailBoss_Alpha_v0.01\RetailBoss_Alpha_v0.01\RetailBoss_Alpha_v0.01.vcxproj" (build target(s)) -- FAILED.

Build FAILED.

Time Elapsed 00:00:01.70
