Build started 10/6/2014 5:22:20 PM.
     1>Project "C:\Users\Patrick\documents\visual studio 2010\Projects\RetailBoss_Alpha_v0.01\RetailBoss_Alpha_v0.01\RetailBoss_Alpha_v0.01.vcxproj" on node 2 (rebuild target(s)).
     1>_PrepareForClean:
         Deleting file "Release\RetailBoss_Alpha_v0.01.lastbuildstate".
       InitializeBuildStatus:
         Touching "Release\RetailBoss_Alpha_v0.01.unsuccessfulbuild".
       ClCompile:
         C:\Program Files (x86)\Microsoft Visual Studio 10.0\VC\bin\CL.exe /c /Zi /nologo /W3 /WX- /O2 /Oi /Oy- /GL /D _MBCS /Gm- /EHsc /MD /GS /Gy /fp:precise /Zc:wchar_t /Zc:forScope /Fo"Release\\" /Fd"Release\vc100.pdb" /Gd /TP /analyze- /errorReport:prompt numberClick.cpp NOTUSED_showNumberTest.cpp NOTUSED_lesson9_mouse.cpp NOTUSED_lesson8_keypress.cpp NOTUSED_lesson6_spritesheet.cpp NOTUSED_lesson7_text.cpp NOTUSED_lesson4.cpp NOTUSED_lesson5.cpp NOTUSED_lesson2.cpp NOTUSED_lesson3.cpp NOTUSED_lesson1.cpp
         numberClick.cpp
     1>numberClick.cpp(277): error C2065: 'moneyStream' : undeclared identifier
     1>numberClick.cpp(277): error C2228: left of '.str' must have class/struct/union
                 type is ''unknown-type''
     1>numberClick.cpp(277): error C2228: left of '.c_str' must have class/struct/union
         NOTUSED_showNumberTest.cpp
         NOTUSED_lesson9_mouse.cpp
         NOTUSED_lesson8_keypress.cpp
         NOTUSED_lesson6_spritesheet.cpp
         NOTUSED_lesson7_text.cpp
         NOTUSED_lesson4.cpp
         NOTUSED_lesson5.cpp
         NOTUSED_lesson2.cpp
         NOTUSED_lesson3.cpp
         NOTUSED_lesson1.cpp
     1>Done Building Project "C:\Users\Patrick\documents\visual studio 2010\Projects\RetailBoss_Alpha_v0.01\RetailBoss_Alpha_v0.01\RetailBoss_Alpha_v0.01.vcxproj" (rebuild target(s)) -- FAILED.

Build FAILED.

Time Elapsed 00:00:02.38
