C:\USERS\PATRICK\DOCUMENTS\VISUAL STUDIO 2010\PROJECTS\RETAILBOSS_ALPHA_V0.01\RELEASE\RETAILBOSS_ALPHA_V0.01.EXE
C:\USERS\PATRICK\DOCUMENTS\VISUAL STUDIO 2010\PROJECTS\RETAILBOSS_ALPHA_V0.01\RELEASE\RETAILBOSS_ALPHA_V0.01.PDB
C:\Users\Patrick\documents\visual studio 2010\Projects\RetailBoss_Alpha_v0.01\RetailBoss_Alpha_v0.01\Release\cl.command.1.tlog
C:\Users\Patrick\documents\visual studio 2010\Projects\RetailBoss_Alpha_v0.01\RetailBoss_Alpha_v0.01\Release\CL.read.1.tlog
C:\Users\Patrick\documents\visual studio 2010\Projects\RetailBoss_Alpha_v0.01\RetailBoss_Alpha_v0.01\Release\CL.write.1.tlog
C:\USERS\PATRICK\DOCUMENTS\VISUAL STUDIO 2010\PROJECTS\RETAILBOSS_ALPHA_V0.01\RETAILBOSS_ALPHA_V0.01\RELEASE\LESSON6.OBJ
C:\Users\Patrick\documents\visual studio 2010\Projects\RetailBoss_Alpha_v0.01\RetailBoss_Alpha_v0.01\Release\link.command.1.tlog
C:\Users\Patrick\documents\visual studio 2010\Projects\RetailBoss_Alpha_v0.01\RetailBoss_Alpha_v0.01\Release\link.read.1.tlog
C:\Users\Patrick\documents\visual studio 2010\Projects\RetailBoss_Alpha_v0.01\RetailBoss_Alpha_v0.01\Release\link.write.1.tlog
C:\Users\Patrick\documents\visual studio 2010\Projects\RetailBoss_Alpha_v0.01\RetailBoss_Alpha_v0.01\Release\mt.command.1.tlog
C:\Users\Patrick\documents\visual studio 2010\Projects\RetailBoss_Alpha_v0.01\RetailBoss_Alpha_v0.01\Release\mt.read.1.tlog
C:\Users\Patrick\documents\visual studio 2010\Projects\RetailBoss_Alpha_v0.01\RetailBoss_Alpha_v0.01\Release\mt.write.1.tlog
C:\USERS\PATRICK\DOCUMENTS\VISUAL STUDIO 2010\PROJECTS\RETAILBOSS_ALPHA_V0.01\RETAILBOSS_ALPHA_V0.01\RELEASE\NOTUSED_LESSON1.OBJ
C:\USERS\PATRICK\DOCUMENTS\VISUAL STUDIO 2010\PROJECTS\RETAILBOSS_ALPHA_V0.01\RETAILBOSS_ALPHA_V0.01\RELEASE\NOTUSED_LESSON2.OBJ
C:\USERS\PATRICK\DOCUMENTS\VISUAL STUDIO 2010\PROJECTS\RETAILBOSS_ALPHA_V0.01\RETAILBOSS_ALPHA_V0.01\RELEASE\NOTUSED_LESSON3.OBJ
C:\USERS\PATRICK\DOCUMENTS\VISUAL STUDIO 2010\PROJECTS\RETAILBOSS_ALPHA_V0.01\RETAILBOSS_ALPHA_V0.01\RELEASE\NOTUSED_LESSON4.OBJ
C:\USERS\PATRICK\DOCUMENTS\VISUAL STUDIO 2010\PROJECTS\RETAILBOSS_ALPHA_V0.01\RETAILBOSS_ALPHA_V0.01\RELEASE\NOTUSED_LESSON5.OBJ
C:\USERS\PATRICK\DOCUMENTS\VISUAL STUDIO 2010\PROJECTS\RETAILBOSS_ALPHA_V0.01\RETAILBOSS_ALPHA_V0.01\RELEASE\RETAILBOSS_ALPHA_V0.01.EXE.INTERMEDIATE.MANIFEST
C:\Users\Patrick\documents\visual studio 2010\Projects\RetailBoss_Alpha_v0.01\RetailBoss_Alpha_v0.01\Release\RetailBoss_Alpha_v0.01.write.1.tlog
C:\USERS\PATRICK\DOCUMENTS\VISUAL STUDIO 2010\PROJECTS\RETAILBOSS_ALPHA_V0.01\RETAILBOSS_ALPHA_V0.01\RELEASE\VC100.PDB
